[2023-07-17T08:02:25.476Z] [PAYTM] INFO [NODE-SDK1.0.0] <MerchantProperties>: initialize called
[2023-07-17T08:02:25.478Z] [PAYTM] INFO [NODE-SDK1.0.0] <MerchantProperties>: Setting Environment for STAGE
[2023-07-17T08:02:25.479Z] [PAYTM] INFO [NODE-SDK:1.0.0:a4ad892d-3c9e-4981-a69f-babd71f6a19b] <Payment>: In createTxnToken PaymentDetail: {"channelId":"WEB","orderId":"UNIQUE_ORDER_ID","txnAmount":{"currency":"INR","value":"1.00"},"userInfo":{"custId":"CUSTOMER_ID","address":"CUSTOMER_ADDRESS","email":"CUSTOMER_EMAIL_ID","firstName":"CUSTOMER_FIRST_NAME","lastName":"CUSTOMER_LAST_NAME","mobile":"CUSTOMER_MOBILE_NO","pincode":"CUSTOMER_PINCODE"},"readTimeout":80000}
[2023-07-17T08:02:25.479Z] [PAYTM] INFO [NODE-SDK:1.0.0:a4ad892d-3c9e-4981-a69f-babd71f6a19b] <Payment>: validatePaymentDetailsObject for object: {"channelId":"WEB","orderId":"UNIQUE_ORDER_ID","txnAmount":{"currency":"INR","value":"1.00"},"userInfo":{"custId":"CUSTOMER_ID","address":"CUSTOMER_ADDRESS","email":"CUSTOMER_EMAIL_ID","firstName":"CUSTOMER_FIRST_NAME","lastName":"CUSTOMER_LAST_NAME","mobile":"CUSTOMER_MOBILE_NO","pincode":"CUSTOMER_PINCODE"},"readTimeout":80000}
[2023-07-17T08:02:25.480Z] [PAYTM] INFO [NODE-SDK:1.0.0:a4ad892d-3c9e-4981-a69f-babd71f6a19b] <Payment>:  validatePaymentDetailsObject returns true 
[2023-07-17T08:02:25.480Z] [PAYTM] INFO [NODE-SDK:1.0.0:a4ad892d-3c9e-4981-a69f-babd71f6a19b] <CommonUtil>: In getSecureRequestHeader
[2023-07-17T08:02:25.481Z] [PAYTM] INFO [NODE-SDK:1.0.0:a4ad892d-3c9e-4981-a69f-babd71f6a19b] <Payment>: InitiateTransactionRequest object {"head":{"version":"v2","channelId":"WEB","requestTimestamp":"1689580945480","signature":null},"body":{"requestType":"Payment","mid":"YOUR_MID_HERE","orderId":"UNIQUE_ORDER_ID","websiteName":"YOUR_CLIENT_ID_HERE","txnAmount":{"currency":"INR","value":"1.00"},"userInfo":{"custId":"CUSTOMER_ID","address":"CUSTOMER_ADDRESS","email":"CUSTOMER_EMAIL_ID","firstName":"CUSTOMER_FIRST_NAME","lastName":"CUSTOMER_LAST_NAME","mobile":"CUSTOMER_MOBILE_NO","pincode":"CUSTOMER_PINCODE"},"callbackUrl":"MERCHANT_CALLBACK_URL"}}
[2023-07-17T08:02:25.482Z] [PAYTM] INFO [NODE-SDK:1.0.0:a4ad892d-3c9e-4981-a69f-babd71f6a19b] <EncDecUtil>: generateSignature() called
[2023-07-17T08:02:25.482Z] [PAYTM] INFO [NODE-SDK:1.0.0:a4ad892d-3c9e-4981-a69f-babd71f6a19b] <EncDecUtil>: generateRandomString() called
[2023-07-17T08:02:25.484Z] [PAYTM] INFO [NODE-SDK:1.0.0:a4ad892d-3c9e-4981-a69f-babd71f6a19b] <EncDecUtil>: generateSalt returns: 4Td4
[2023-07-17T08:02:25.522Z] [PAYTM] INFO [NODE-SDK:1.0.0:a4ad892d-3c9e-4981-a69f-babd71f6a19b] <Payment>: Exception caught in createTxnToken: {"code":"ERR_CRYPTO_INVALID_KEYLEN"}
[2023-07-17T08:02:25.523Z] [PAYTM] CRITICAL [NODE-SDK:1.0.0:a4ad892d-3c9e-4981-a69f-babd71f6a19b] <CommonUtil>: getSDKResponse with exception : {"code":"ERR_CRYPTO_INVALID_KEYLEN"}
[2023-07-17T08:04:17.581Z] [PAYTM] INFO [NODE-SDK1.0.0] <MerchantProperties>: initialize called
[2023-07-17T08:04:17.582Z] [PAYTM] INFO [NODE-SDK1.0.0] <MerchantProperties>: Setting Environment for STAGE
[2023-07-17T08:04:17.583Z] [PAYTM] INFO [NODE-SDK:1.0.0:fc8ed2ba-50aa-47fd-9a69-6339e04e4f25] <Payment>: In createTxnToken PaymentDetail: {"channelId":"WEB","orderId":"order_MEnPF984wa4Nl4","txnAmount":{"currency":"INR","value":"1.00"},"userInfo":{"custId":"CUSTOMER_ID","address":"CUSTOMER_ADDRESS","email":"CUSTOMER_EMAIL_ID","firstName":"CUSTOMER_FIRST_NAME","lastName":"CUSTOMER_LAST_NAME","mobile":"CUSTOMER_MOBILE_NO","pincode":"CUSTOMER_PINCODE"},"readTimeout":80000}
[2023-07-17T08:04:17.583Z] [PAYTM] INFO [NODE-SDK:1.0.0:fc8ed2ba-50aa-47fd-9a69-6339e04e4f25] <Payment>: validatePaymentDetailsObject for object: {"channelId":"WEB","orderId":"order_MEnPF984wa4Nl4","txnAmount":{"currency":"INR","value":"1.00"},"userInfo":{"custId":"CUSTOMER_ID","address":"CUSTOMER_ADDRESS","email":"CUSTOMER_EMAIL_ID","firstName":"CUSTOMER_FIRST_NAME","lastName":"CUSTOMER_LAST_NAME","mobile":"CUSTOMER_MOBILE_NO","pincode":"CUSTOMER_PINCODE"},"readTimeout":80000}
[2023-07-17T08:04:17.585Z] [PAYTM] INFO [NODE-SDK:1.0.0:fc8ed2ba-50aa-47fd-9a69-6339e04e4f25] <Payment>:  validatePaymentDetailsObject returns true 
[2023-07-17T08:04:17.586Z] [PAYTM] INFO [NODE-SDK:1.0.0:fc8ed2ba-50aa-47fd-9a69-6339e04e4f25] <CommonUtil>: In getSecureRequestHeader
[2023-07-17T08:04:17.587Z] [PAYTM] INFO [NODE-SDK:1.0.0:fc8ed2ba-50aa-47fd-9a69-6339e04e4f25] <Payment>: InitiateTransactionRequest object {"head":{"version":"v2","channelId":"WEB","requestTimestamp":"1689581057586","signature":null},"body":{"requestType":"Payment","mid":"yafbcj14338869812612","orderId":"order_MEnPF984wa4Nl4","websiteName":"WEB","txnAmount":{"currency":"INR","value":"1.00"},"userInfo":{"custId":"CUSTOMER_ID","address":"CUSTOMER_ADDRESS","email":"CUSTOMER_EMAIL_ID","firstName":"CUSTOMER_FIRST_NAME","lastName":"CUSTOMER_LAST_NAME","mobile":"CUSTOMER_MOBILE_NO","pincode":"CUSTOMER_PINCODE"},"callbackUrl":"MERCHANT_CALLBACK_URL"}}
[2023-07-17T08:04:17.588Z] [PAYTM] INFO [NODE-SDK:1.0.0:fc8ed2ba-50aa-47fd-9a69-6339e04e4f25] <EncDecUtil>: generateSignature() called
[2023-07-17T08:04:17.588Z] [PAYTM] INFO [NODE-SDK:1.0.0:fc8ed2ba-50aa-47fd-9a69-6339e04e4f25] <EncDecUtil>: generateRandomString() called
[2023-07-17T08:04:17.591Z] [PAYTM] INFO [NODE-SDK:1.0.0:fc8ed2ba-50aa-47fd-9a69-6339e04e4f25] <EncDecUtil>: generateSalt returns: aUso
[2023-07-17T08:04:17.591Z] [PAYTM] INFO [NODE-SDK:1.0.0:fc8ed2ba-50aa-47fd-9a69-6339e04e4f25] <EncDecUtil>: getChecksumFromString returns: Vucg2DRstNItnVf18+d41OVHqiqbUss+EIV/WfFEqiuDrmXCG5IqCDiM4D7xDSXtnvbGAgxvjEArQeC8U3Ljuz8mcutjwMX3IHPlhSXYStE=
[2023-07-17T08:04:17.592Z] [PAYTM] INFO [NODE-SDK:1.0.0:fc8ed2ba-50aa-47fd-9a69-6339e04e4f25] <Request>: process for request: {"head":{"version":"v2","channelId":"WEB","requestTimestamp":"1689581057586","signature":"Vucg2DRstNItnVf18+d41OVHqiqbUss+EIV/WfFEqiuDrmXCG5IqCDiM4D7xDSXtnvbGAgxvjEArQeC8U3Ljuz8mcutjwMX3IHPlhSXYStE="},"body":{"requestType":"Payment","mid":"yafbcj14338869812612","orderId":"order_MEnPF984wa4Nl4","websiteName":"WEB","txnAmount":{"currency":"INR","value":"1.00"},"userInfo":{"custId":"CUSTOMER_ID","address":"CUSTOMER_ADDRESS","email":"CUSTOMER_EMAIL_ID","firstName":"CUSTOMER_FIRST_NAME","lastName":"CUSTOMER_LAST_NAME","mobile":"CUSTOMER_MOBILE_NO","pincode":"CUSTOMER_PINCODE"},"callbackUrl":"MERCHANT_CALLBACK_URL"}}
[2023-07-17T08:04:17.592Z] [PAYTM] INFO [NODE-SDK:1.0.0:fc8ed2ba-50aa-47fd-9a69-6339e04e4f25] <Request>: executeCurl called 
[2023-07-17T08:04:17.593Z] [PAYTM] INFO [NODE-SDK:1.0.0:fc8ed2ba-50aa-47fd-9a69-6339e04e4f25] <Request>: will make API call to: https://securegw-stage.paytm.in/theia/api/v1/initiateTransaction?mid=yafbcj14338869812612&orderId=order_MEnPF984wa4Nl4
[2023-07-17T08:04:19.473Z] [PAYTM] INFO [NODE-SDK:1.0.0:fc8ed2ba-50aa-47fd-9a69-6339e04e4f25] <Request>: API response received upon successful execution: {"head":{"requestId":null,"responseTimestamp":"1689581061704","version":"v1"},"body":{"extraParamsMap":null,"resultInfo":{"resultStatus":"F","resultCode":"501","resultMsg":"System Error"}}}
[2023-07-17T08:04:19.474Z] [PAYTM] INFO [NODE-SDK:1.0.0:fc8ed2ba-50aa-47fd-9a69-6339e04e4f25] <Request>: Raw Response: {"head":{"requestId":null,"responseTimestamp":"1689581061704","version":"v1"},"body":{"extraParamsMap":null,"resultInfo":{"resultStatus":"F","resultCode":"501","resultMsg":"System Error"}}}
[2023-07-17T08:04:19.475Z] [PAYTM] INFO [NODE-SDK:1.0.0:fc8ed2ba-50aa-47fd-9a69-6339e04e4f25] <Request>: Response Data Object: {"head":{"responseTimestamp":"1689581061704","version":"v1"},"body":{"resultInfo":{"resultStatus":"F","resultMsg":"System Error","resultCode":"501"},"extraParamsMap":null}}
[2023-07-17T08:04:19.475Z] [PAYTM] INFO [NODE-SDK:1.0.0:fc8ed2ba-50aa-47fd-9a69-6339e04e4f25] <Request>: Execution completed with raw json response: {"head":{"requestId":null,"responseTimestamp":"1689581061704","version":"v1"},"body":{"extraParamsMap":null,"resultInfo":{"resultStatus":"F","resultCode":"501","resultMsg":"System Error"}}}
[2023-07-17T08:06:00.171Z] [PAYTM] INFO [NODE-SDK1.0.0] <MerchantProperties>: initialize called
[2023-07-17T08:06:00.171Z] [PAYTM] INFO [NODE-SDK1.0.0] <MerchantProperties>: Setting Environment for STAGE
[2023-07-17T08:06:00.172Z] [PAYTM] INFO [NODE-SDK:1.0.0:6878b36c-3070-43f3-978e-5b8011f7ac9f] <Payment>: In createTxnToken PaymentDetail: {"channelId":"WEB","orderId":"order_MEnR3Zx22o20xr","txnAmount":{"currency":"INR","value":"1.00"},"userInfo":{"custId":"CUSTOMER_ID","address":"CUSTOMER_ADDRESS","email":"CUSTOMER_EMAIL_ID","firstName":"CUSTOMER_FIRST_NAME","lastName":"CUSTOMER_LAST_NAME","mobile":"CUSTOMER_MOBILE_NO","pincode":"CUSTOMER_PINCODE"},"readTimeout":80000}
[2023-07-17T08:06:00.173Z] [PAYTM] INFO [NODE-SDK:1.0.0:6878b36c-3070-43f3-978e-5b8011f7ac9f] <Payment>: validatePaymentDetailsObject for object: {"channelId":"WEB","orderId":"order_MEnR3Zx22o20xr","txnAmount":{"currency":"INR","value":"1.00"},"userInfo":{"custId":"CUSTOMER_ID","address":"CUSTOMER_ADDRESS","email":"CUSTOMER_EMAIL_ID","firstName":"CUSTOMER_FIRST_NAME","lastName":"CUSTOMER_LAST_NAME","mobile":"CUSTOMER_MOBILE_NO","pincode":"CUSTOMER_PINCODE"},"readTimeout":80000}
[2023-07-17T08:06:00.173Z] [PAYTM] INFO [NODE-SDK:1.0.0:6878b36c-3070-43f3-978e-5b8011f7ac9f] <Payment>:  validatePaymentDetailsObject returns true 
[2023-07-17T08:06:00.173Z] [PAYTM] INFO [NODE-SDK:1.0.0:6878b36c-3070-43f3-978e-5b8011f7ac9f] <CommonUtil>: In getSecureRequestHeader
[2023-07-17T08:06:00.174Z] [PAYTM] INFO [NODE-SDK:1.0.0:6878b36c-3070-43f3-978e-5b8011f7ac9f] <Payment>: InitiateTransactionRequest object {"head":{"version":"v2","channelId":"WEB","requestTimestamp":"1689581160173","signature":null},"body":{"requestType":"Payment","mid":"yafbcj14338869812612","orderId":"order_MEnR3Zx22o20xr","websiteName":"WEB","txnAmount":{"currency":"INR","value":"1.00"},"userInfo":{"custId":"CUSTOMER_ID","address":"CUSTOMER_ADDRESS","email":"CUSTOMER_EMAIL_ID","firstName":"CUSTOMER_FIRST_NAME","lastName":"CUSTOMER_LAST_NAME","mobile":"CUSTOMER_MOBILE_NO","pincode":"CUSTOMER_PINCODE"},"callbackUrl":"MERCHANT_CALLBACK_URL"}}
[2023-07-17T08:06:00.174Z] [PAYTM] INFO [NODE-SDK:1.0.0:6878b36c-3070-43f3-978e-5b8011f7ac9f] <EncDecUtil>: generateSignature() called
[2023-07-17T08:06:00.175Z] [PAYTM] INFO [NODE-SDK:1.0.0:6878b36c-3070-43f3-978e-5b8011f7ac9f] <EncDecUtil>: generateRandomString() called
[2023-07-17T08:06:00.177Z] [PAYTM] INFO [NODE-SDK:1.0.0:6878b36c-3070-43f3-978e-5b8011f7ac9f] <EncDecUtil>: generateSalt returns: MPAJ
[2023-07-17T08:06:00.177Z] [PAYTM] INFO [NODE-SDK:1.0.0:6878b36c-3070-43f3-978e-5b8011f7ac9f] <EncDecUtil>: getChecksumFromString returns: fo1FUqgnu836cjWFpVWzTB2PPv7INyjDmO48GWG8qqdqPu2CT1h0qCSOjTW8RruP94hfGgqQCaWxGjvTLIPfigRwFVjaAgIvhei2i0hyWkY=
[2023-07-17T08:06:00.178Z] [PAYTM] INFO [NODE-SDK:1.0.0:6878b36c-3070-43f3-978e-5b8011f7ac9f] <Request>: process for request: {"head":{"version":"v2","channelId":"WEB","requestTimestamp":"1689581160173","signature":"fo1FUqgnu836cjWFpVWzTB2PPv7INyjDmO48GWG8qqdqPu2CT1h0qCSOjTW8RruP94hfGgqQCaWxGjvTLIPfigRwFVjaAgIvhei2i0hyWkY="},"body":{"requestType":"Payment","mid":"yafbcj14338869812612","orderId":"order_MEnR3Zx22o20xr","websiteName":"WEB","txnAmount":{"currency":"INR","value":"1.00"},"userInfo":{"custId":"CUSTOMER_ID","address":"CUSTOMER_ADDRESS","email":"CUSTOMER_EMAIL_ID","firstName":"CUSTOMER_FIRST_NAME","lastName":"CUSTOMER_LAST_NAME","mobile":"CUSTOMER_MOBILE_NO","pincode":"CUSTOMER_PINCODE"},"callbackUrl":"MERCHANT_CALLBACK_URL"}}
[2023-07-17T08:06:00.179Z] [PAYTM] INFO [NODE-SDK:1.0.0:6878b36c-3070-43f3-978e-5b8011f7ac9f] <Request>: executeCurl called 
[2023-07-17T08:06:00.179Z] [PAYTM] INFO [NODE-SDK:1.0.0:6878b36c-3070-43f3-978e-5b8011f7ac9f] <Request>: will make API call to: https://securegw-stage.paytm.in/theia/api/v1/initiateTransaction?mid=yafbcj14338869812612&orderId=order_MEnR3Zx22o20xr
[2023-07-17T08:06:01.295Z] [PAYTM] INFO [NODE-SDK:1.0.0:6878b36c-3070-43f3-978e-5b8011f7ac9f] <Request>: API response received upon successful execution: {"head":{"requestId":null,"responseTimestamp":"1689581163488","version":"v1"},"body":{"extraParamsMap":null,"resultInfo":{"resultStatus":"F","resultCode":"501","resultMsg":"System Error"}}}
[2023-07-17T08:06:01.296Z] [PAYTM] INFO [NODE-SDK:1.0.0:6878b36c-3070-43f3-978e-5b8011f7ac9f] <Request>: Raw Response: {"head":{"requestId":null,"responseTimestamp":"1689581163488","version":"v1"},"body":{"extraParamsMap":null,"resultInfo":{"resultStatus":"F","resultCode":"501","resultMsg":"System Error"}}}
[2023-07-17T08:06:01.297Z] [PAYTM] INFO [NODE-SDK:1.0.0:6878b36c-3070-43f3-978e-5b8011f7ac9f] <Request>: Response Data Object: {"head":{"responseTimestamp":"1689581163488","version":"v1"},"body":{"resultInfo":{"resultStatus":"F","resultMsg":"System Error","resultCode":"501"},"extraParamsMap":null}}
[2023-07-17T08:06:01.297Z] [PAYTM] INFO [NODE-SDK:1.0.0:6878b36c-3070-43f3-978e-5b8011f7ac9f] <Request>: Execution completed with raw json response: {"head":{"requestId":null,"responseTimestamp":"1689581163488","version":"v1"},"body":{"extraParamsMap":null,"resultInfo":{"resultStatus":"F","resultCode":"501","resultMsg":"System Error"}}}
[2023-07-17T08:06:23.668Z] [PAYTM] INFO [NODE-SDK:1.0.0:e13895c8-a417-44a1-a43f-f2b0b2f16fe8] <Payment>: In createTxnToken PaymentDetail: {"channelId":"WEB","orderId":"order_MEnRTQwkWyISjo","txnAmount":{"currency":"INR","value":"1.00"},"userInfo":{"custId":"CUSTOMER_ID","address":"CUSTOMER_ADDRESS","email":"CUSTOMER_EMAIL_ID","firstName":"CUSTOMER_FIRST_NAME","lastName":"CUSTOMER_LAST_NAME","mobile":"CUSTOMER_MOBILE_NO","pincode":"CUSTOMER_PINCODE"},"readTimeout":80000}
[2023-07-17T08:06:23.669Z] [PAYTM] INFO [NODE-SDK:1.0.0:e13895c8-a417-44a1-a43f-f2b0b2f16fe8] <Payment>: validatePaymentDetailsObject for object: {"channelId":"WEB","orderId":"order_MEnRTQwkWyISjo","txnAmount":{"currency":"INR","value":"1.00"},"userInfo":{"custId":"CUSTOMER_ID","address":"CUSTOMER_ADDRESS","email":"CUSTOMER_EMAIL_ID","firstName":"CUSTOMER_FIRST_NAME","lastName":"CUSTOMER_LAST_NAME","mobile":"CUSTOMER_MOBILE_NO","pincode":"CUSTOMER_PINCODE"},"readTimeout":80000}
[2023-07-17T08:06:23.669Z] [PAYTM] INFO [NODE-SDK:1.0.0:e13895c8-a417-44a1-a43f-f2b0b2f16fe8] <Payment>:  validatePaymentDetailsObject returns true 
[2023-07-17T08:06:23.669Z] [PAYTM] INFO [NODE-SDK:1.0.0:e13895c8-a417-44a1-a43f-f2b0b2f16fe8] <CommonUtil>: In getSecureRequestHeader
[2023-07-17T08:06:23.669Z] [PAYTM] INFO [NODE-SDK:1.0.0:e13895c8-a417-44a1-a43f-f2b0b2f16fe8] <Payment>: InitiateTransactionRequest object {"head":{"version":"v2","channelId":"WEB","requestTimestamp":"1689581183669","signature":null},"body":{"requestType":"Payment","mid":"yafbcj14338869812612","orderId":"order_MEnRTQwkWyISjo","websiteName":"WEB","txnAmount":{"currency":"INR","value":"1.00"},"userInfo":{"custId":"CUSTOMER_ID","address":"CUSTOMER_ADDRESS","email":"CUSTOMER_EMAIL_ID","firstName":"CUSTOMER_FIRST_NAME","lastName":"CUSTOMER_LAST_NAME","mobile":"CUSTOMER_MOBILE_NO","pincode":"CUSTOMER_PINCODE"},"callbackUrl":"MERCHANT_CALLBACK_URL"}}
[2023-07-17T08:06:23.669Z] [PAYTM] INFO [NODE-SDK:1.0.0:e13895c8-a417-44a1-a43f-f2b0b2f16fe8] <EncDecUtil>: generateSignature() called
[2023-07-17T08:06:23.669Z] [PAYTM] INFO [NODE-SDK:1.0.0:e13895c8-a417-44a1-a43f-f2b0b2f16fe8] <EncDecUtil>: generateRandomString() called
[2023-07-17T08:06:23.670Z] [PAYTM] INFO [NODE-SDK:1.0.0:e13895c8-a417-44a1-a43f-f2b0b2f16fe8] <EncDecUtil>: generateSalt returns: iQNf
[2023-07-17T08:06:23.670Z] [PAYTM] INFO [NODE-SDK:1.0.0:e13895c8-a417-44a1-a43f-f2b0b2f16fe8] <EncDecUtil>: getChecksumFromString returns: OsLTMCHw9p+CGkc/HaStaLwtLXVThM5CSIKhQpoDYcQqVD58MRSCv0WOUzqiU6rFCUV5m5ogM30kQIoQsqJBaBakr6BkHkVxSPpHwtxS2OQ=
[2023-07-17T08:06:23.670Z] [PAYTM] INFO [NODE-SDK:1.0.0:e13895c8-a417-44a1-a43f-f2b0b2f16fe8] <Request>: process for request: {"head":{"version":"v2","channelId":"WEB","requestTimestamp":"1689581183669","signature":"OsLTMCHw9p+CGkc/HaStaLwtLXVThM5CSIKhQpoDYcQqVD58MRSCv0WOUzqiU6rFCUV5m5ogM30kQIoQsqJBaBakr6BkHkVxSPpHwtxS2OQ="},"body":{"requestType":"Payment","mid":"yafbcj14338869812612","orderId":"order_MEnRTQwkWyISjo","websiteName":"WEB","txnAmount":{"currency":"INR","value":"1.00"},"userInfo":{"custId":"CUSTOMER_ID","address":"CUSTOMER_ADDRESS","email":"CUSTOMER_EMAIL_ID","firstName":"CUSTOMER_FIRST_NAME","lastName":"CUSTOMER_LAST_NAME","mobile":"CUSTOMER_MOBILE_NO","pincode":"CUSTOMER_PINCODE"},"callbackUrl":"MERCHANT_CALLBACK_URL"}}
[2023-07-17T08:06:23.670Z] [PAYTM] INFO [NODE-SDK:1.0.0:e13895c8-a417-44a1-a43f-f2b0b2f16fe8] <Request>: executeCurl called 
[2023-07-17T08:06:23.670Z] [PAYTM] INFO [NODE-SDK:1.0.0:e13895c8-a417-44a1-a43f-f2b0b2f16fe8] <Request>: will make API call to: https://securegw-stage.paytm.in/theia/api/v1/initiateTransaction?mid=yafbcj14338869812612&orderId=order_MEnRTQwkWyISjo
[2023-07-17T08:06:25.300Z] [PAYTM] INFO [NODE-SDK:1.0.0:e13895c8-a417-44a1-a43f-f2b0b2f16fe8] <Request>: API response received upon successful execution: {"head":{"requestId":null,"responseTimestamp":"1689581186840","version":"v1"},"body":{"extraParamsMap":null,"resultInfo":{"resultStatus":"F","resultCode":"501","resultMsg":"System Error"}}}
[2023-07-17T08:06:25.300Z] [PAYTM] INFO [NODE-SDK:1.0.0:e13895c8-a417-44a1-a43f-f2b0b2f16fe8] <Request>: Raw Response: {"head":{"requestId":null,"responseTimestamp":"1689581186840","version":"v1"},"body":{"extraParamsMap":null,"resultInfo":{"resultStatus":"F","resultCode":"501","resultMsg":"System Error"}}}
[2023-07-17T08:06:25.301Z] [PAYTM] INFO [NODE-SDK:1.0.0:e13895c8-a417-44a1-a43f-f2b0b2f16fe8] <Request>: Response Data Object: {"head":{"responseTimestamp":"1689581186840","version":"v1"},"body":{"resultInfo":{"resultStatus":"F","resultMsg":"System Error","resultCode":"501"},"extraParamsMap":null}}
[2023-07-17T08:06:25.301Z] [PAYTM] INFO [NODE-SDK:1.0.0:e13895c8-a417-44a1-a43f-f2b0b2f16fe8] <Request>: Execution completed with raw json response: {"head":{"requestId":null,"responseTimestamp":"1689581186840","version":"v1"},"body":{"extraParamsMap":null,"resultInfo":{"resultStatus":"F","resultCode":"501","resultMsg":"System Error"}}}
[2023-07-17T08:39:30.575Z] [PAYTM] INFO [NODE-SDK1.0.0] <MerchantProperties>: initialize called
[2023-07-17T08:39:30.578Z] [PAYTM] INFO [NODE-SDK1.0.0] <MerchantProperties>: Setting Environment for STAGE
[2023-07-17T08:39:30.579Z] [PAYTM] INFO [NODE-SDK:1.0.0:cba60ed8-e96e-42eb-adc5-616970057764] <Payment>: In createTxnToken PaymentDetail: {"channelId":"WEB","orderId":"UNIQUE_ORDER_ID","txnAmount":{"currency":"INR","value":"1.00"},"userInfo":{"custId":"CUSTOMER_ID","address":"CUSTOMER_ADDRESS","email":"CUSTOMER_EMAIL_ID","firstName":"CUSTOMER_FIRST_NAME","lastName":"CUSTOMER_LAST_NAME","mobile":"CUSTOMER_MOBILE_NO","pincode":"CUSTOMER_PINCODE"},"readTimeout":80000}
[2023-07-17T08:39:30.579Z] [PAYTM] INFO [NODE-SDK:1.0.0:cba60ed8-e96e-42eb-adc5-616970057764] <Payment>: validatePaymentDetailsObject for object: {"channelId":"WEB","orderId":"UNIQUE_ORDER_ID","txnAmount":{"currency":"INR","value":"1.00"},"userInfo":{"custId":"CUSTOMER_ID","address":"CUSTOMER_ADDRESS","email":"CUSTOMER_EMAIL_ID","firstName":"CUSTOMER_FIRST_NAME","lastName":"CUSTOMER_LAST_NAME","mobile":"CUSTOMER_MOBILE_NO","pincode":"CUSTOMER_PINCODE"},"readTimeout":80000}
[2023-07-17T08:39:30.579Z] [PAYTM] INFO [NODE-SDK:1.0.0:cba60ed8-e96e-42eb-adc5-616970057764] <Payment>:  validatePaymentDetailsObject returns true 
[2023-07-17T08:39:30.580Z] [PAYTM] INFO [NODE-SDK:1.0.0:cba60ed8-e96e-42eb-adc5-616970057764] <CommonUtil>: In getSecureRequestHeader
[2023-07-17T08:39:30.581Z] [PAYTM] INFO [NODE-SDK:1.0.0:cba60ed8-e96e-42eb-adc5-616970057764] <Payment>: InitiateTransactionRequest object {"head":{"version":"v2","channelId":"WEB","requestTimestamp":"1689583170580","signature":null},"body":{"requestType":"Payment","mid":"yafbcj14338869812612","orderId":"UNIQUE_ORDER_ID","websiteName":"123456","txnAmount":{"currency":"INR","value":"1.00"},"userInfo":{"custId":"CUSTOMER_ID","address":"CUSTOMER_ADDRESS","email":"CUSTOMER_EMAIL_ID","firstName":"CUSTOMER_FIRST_NAME","lastName":"CUSTOMER_LAST_NAME","mobile":"CUSTOMER_MOBILE_NO","pincode":"CUSTOMER_PINCODE"},"callbackUrl":"https://pg-staging.paytm.in/MerchantSite/bankResponse"}}
[2023-07-17T08:39:30.582Z] [PAYTM] INFO [NODE-SDK:1.0.0:cba60ed8-e96e-42eb-adc5-616970057764] <EncDecUtil>: generateSignature() called
[2023-07-17T08:39:30.582Z] [PAYTM] INFO [NODE-SDK:1.0.0:cba60ed8-e96e-42eb-adc5-616970057764] <EncDecUtil>: generateRandomString() called
[2023-07-17T08:39:30.600Z] [PAYTM] INFO [NODE-SDK:1.0.0:cba60ed8-e96e-42eb-adc5-616970057764] <EncDecUtil>: generateSalt returns: ZNGF
[2023-07-17T08:39:30.601Z] [PAYTM] INFO [NODE-SDK:1.0.0:cba60ed8-e96e-42eb-adc5-616970057764] <EncDecUtil>: getChecksumFromString returns: JpdbtZ7VX2qHdQZltZ+0s+VeiSugrzbJtvJOPy01VdT7LcrNHHXtyDQAbDBAQMelIsPQjnmDhM/mY8cgx4j6RF/2pQpVt59VhsLhzszwCmo=
[2023-07-17T08:39:30.601Z] [PAYTM] INFO [NODE-SDK:1.0.0:cba60ed8-e96e-42eb-adc5-616970057764] <Request>: process for request: {"head":{"version":"v2","channelId":"WEB","requestTimestamp":"1689583170580","signature":"JpdbtZ7VX2qHdQZltZ+0s+VeiSugrzbJtvJOPy01VdT7LcrNHHXtyDQAbDBAQMelIsPQjnmDhM/mY8cgx4j6RF/2pQpVt59VhsLhzszwCmo="},"body":{"requestType":"Payment","mid":"yafbcj14338869812612","orderId":"UNIQUE_ORDER_ID","websiteName":"123456","txnAmount":{"currency":"INR","value":"1.00"},"userInfo":{"custId":"CUSTOMER_ID","address":"CUSTOMER_ADDRESS","email":"CUSTOMER_EMAIL_ID","firstName":"CUSTOMER_FIRST_NAME","lastName":"CUSTOMER_LAST_NAME","mobile":"CUSTOMER_MOBILE_NO","pincode":"CUSTOMER_PINCODE"},"callbackUrl":"https://pg-staging.paytm.in/MerchantSite/bankResponse"}}
[2023-07-17T08:39:30.601Z] [PAYTM] INFO [NODE-SDK:1.0.0:cba60ed8-e96e-42eb-adc5-616970057764] <Request>: executeCurl called 
[2023-07-17T08:39:30.602Z] [PAYTM] INFO [NODE-SDK:1.0.0:cba60ed8-e96e-42eb-adc5-616970057764] <Request>: will make API call to: https://securegw-stage.paytm.in/theia/api/v1/initiateTransaction?mid=yafbcj14338869812612&orderId=UNIQUE_ORDER_ID
[2023-07-17T08:39:32.185Z] [PAYTM] INFO [NODE-SDK:1.0.0:cba60ed8-e96e-42eb-adc5-616970057764] <Request>: API response received upon successful execution: {"head":{"requestId":null,"responseTimestamp":"1689583174441","version":"v1"},"body":{"extraParamsMap":null,"resultInfo":{"resultStatus":"F","resultCode":"501","resultMsg":"System Error"}}}
[2023-07-17T08:39:32.186Z] [PAYTM] INFO [NODE-SDK:1.0.0:cba60ed8-e96e-42eb-adc5-616970057764] <Request>: Raw Response: {"head":{"requestId":null,"responseTimestamp":"1689583174441","version":"v1"},"body":{"extraParamsMap":null,"resultInfo":{"resultStatus":"F","resultCode":"501","resultMsg":"System Error"}}}
[2023-07-17T08:39:32.186Z] [PAYTM] INFO [NODE-SDK:1.0.0:cba60ed8-e96e-42eb-adc5-616970057764] <Request>: Response Data Object: {"head":{"responseTimestamp":"1689583174441","version":"v1"},"body":{"resultInfo":{"resultStatus":"F","resultMsg":"System Error","resultCode":"501"},"extraParamsMap":null}}
[2023-07-17T08:39:32.186Z] [PAYTM] INFO [NODE-SDK:1.0.0:cba60ed8-e96e-42eb-adc5-616970057764] <Request>: Execution completed with raw json response: {"head":{"requestId":null,"responseTimestamp":"1689583174441","version":"v1"},"body":{"extraParamsMap":null,"resultInfo":{"resultStatus":"F","resultCode":"501","resultMsg":"System Error"}}}
[2023-07-17T08:39:56.148Z] [PAYTM] INFO [NODE-SDK1.0.0] <MerchantProperties>: initialize called
[2023-07-17T08:39:56.150Z] [PAYTM] INFO [NODE-SDK1.0.0] <MerchantProperties>: Setting Environment for PROD
[2023-07-17T08:39:56.151Z] [PAYTM] INFO [NODE-SDK:1.0.0:02d2b062-cefd-4a98-ad63-e6be1fe42c43] <Payment>: In createTxnToken PaymentDetail: {"channelId":"WEB","orderId":"UNIQUE_ORDER_ID","txnAmount":{"currency":"INR","value":"1.00"},"userInfo":{"custId":"CUSTOMER_ID","address":"CUSTOMER_ADDRESS","email":"CUSTOMER_EMAIL_ID","firstName":"CUSTOMER_FIRST_NAME","lastName":"CUSTOMER_LAST_NAME","mobile":"CUSTOMER_MOBILE_NO","pincode":"CUSTOMER_PINCODE"},"readTimeout":80000}
[2023-07-17T08:39:56.152Z] [PAYTM] INFO [NODE-SDK:1.0.0:02d2b062-cefd-4a98-ad63-e6be1fe42c43] <Payment>: validatePaymentDetailsObject for object: {"channelId":"WEB","orderId":"UNIQUE_ORDER_ID","txnAmount":{"currency":"INR","value":"1.00"},"userInfo":{"custId":"CUSTOMER_ID","address":"CUSTOMER_ADDRESS","email":"CUSTOMER_EMAIL_ID","firstName":"CUSTOMER_FIRST_NAME","lastName":"CUSTOMER_LAST_NAME","mobile":"CUSTOMER_MOBILE_NO","pincode":"CUSTOMER_PINCODE"},"readTimeout":80000}
[2023-07-17T08:39:56.152Z] [PAYTM] INFO [NODE-SDK:1.0.0:02d2b062-cefd-4a98-ad63-e6be1fe42c43] <Payment>:  validatePaymentDetailsObject returns true 
[2023-07-17T08:39:56.152Z] [PAYTM] INFO [NODE-SDK:1.0.0:02d2b062-cefd-4a98-ad63-e6be1fe42c43] <CommonUtil>: In getSecureRequestHeader
[2023-07-17T08:39:56.153Z] [PAYTM] INFO [NODE-SDK:1.0.0:02d2b062-cefd-4a98-ad63-e6be1fe42c43] <Payment>: InitiateTransactionRequest object {"head":{"version":"v2","channelId":"WEB","requestTimestamp":"1689583196152","signature":null},"body":{"requestType":"Payment","mid":"yafbcj14338869812612","orderId":"UNIQUE_ORDER_ID","websiteName":"123456","txnAmount":{"currency":"INR","value":"1.00"},"userInfo":{"custId":"CUSTOMER_ID","address":"CUSTOMER_ADDRESS","email":"CUSTOMER_EMAIL_ID","firstName":"CUSTOMER_FIRST_NAME","lastName":"CUSTOMER_LAST_NAME","mobile":"CUSTOMER_MOBILE_NO","pincode":"CUSTOMER_PINCODE"},"callbackUrl":"https://pg-staging.paytm.in/MerchantSite/bankResponse"}}
[2023-07-17T08:39:56.153Z] [PAYTM] INFO [NODE-SDK:1.0.0:02d2b062-cefd-4a98-ad63-e6be1fe42c43] <EncDecUtil>: generateSignature() called
[2023-07-17T08:39:56.153Z] [PAYTM] INFO [NODE-SDK:1.0.0:02d2b062-cefd-4a98-ad63-e6be1fe42c43] <EncDecUtil>: generateRandomString() called
[2023-07-17T08:39:56.161Z] [PAYTM] INFO [NODE-SDK:1.0.0:02d2b062-cefd-4a98-ad63-e6be1fe42c43] <EncDecUtil>: generateSalt returns: xMq0
[2023-07-17T08:39:56.162Z] [PAYTM] INFO [NODE-SDK:1.0.0:02d2b062-cefd-4a98-ad63-e6be1fe42c43] <EncDecUtil>: getChecksumFromString returns: GXdEyQ3F/KYj0fKmVy62do5GStBXilWe6h5gHQs/y45K6hB1sOUcIgOEmh9k/ccNuyGhYtENJQQ4ibbPemBjTLrQFmy4DkotYzCWx+u2vKI=
[2023-07-17T08:39:56.163Z] [PAYTM] INFO [NODE-SDK:1.0.0:02d2b062-cefd-4a98-ad63-e6be1fe42c43] <Request>: process for request: {"head":{"version":"v2","channelId":"WEB","requestTimestamp":"1689583196152","signature":"GXdEyQ3F/KYj0fKmVy62do5GStBXilWe6h5gHQs/y45K6hB1sOUcIgOEmh9k/ccNuyGhYtENJQQ4ibbPemBjTLrQFmy4DkotYzCWx+u2vKI="},"body":{"requestType":"Payment","mid":"yafbcj14338869812612","orderId":"UNIQUE_ORDER_ID","websiteName":"123456","txnAmount":{"currency":"INR","value":"1.00"},"userInfo":{"custId":"CUSTOMER_ID","address":"CUSTOMER_ADDRESS","email":"CUSTOMER_EMAIL_ID","firstName":"CUSTOMER_FIRST_NAME","lastName":"CUSTOMER_LAST_NAME","mobile":"CUSTOMER_MOBILE_NO","pincode":"CUSTOMER_PINCODE"},"callbackUrl":"https://pg-staging.paytm.in/MerchantSite/bankResponse"}}
[2023-07-17T08:39:56.163Z] [PAYTM] INFO [NODE-SDK:1.0.0:02d2b062-cefd-4a98-ad63-e6be1fe42c43] <Request>: executeCurl called 
[2023-07-17T08:39:56.164Z] [PAYTM] INFO [NODE-SDK:1.0.0:02d2b062-cefd-4a98-ad63-e6be1fe42c43] <Request>: will make API call to: https://securegw.paytm.in/theia/api/v1/initiateTransaction?mid=yafbcj14338869812612&orderId=UNIQUE_ORDER_ID
[2023-07-17T08:39:56.649Z] [PAYTM] INFO [NODE-SDK:1.0.0:02d2b062-cefd-4a98-ad63-e6be1fe42c43] <Request>: API response received upon successful execution: {"head":{"requestId":null,"responseTimestamp":"1689583198933","version":"v1"},"body":{"extraParamsMap":null,"resultInfo":{"resultStatus":"F","resultCode":"501","resultMsg":"System Error"}}}
[2023-07-17T08:39:56.649Z] [PAYTM] INFO [NODE-SDK:1.0.0:02d2b062-cefd-4a98-ad63-e6be1fe42c43] <Request>: Raw Response: {"head":{"requestId":null,"responseTimestamp":"1689583198933","version":"v1"},"body":{"extraParamsMap":null,"resultInfo":{"resultStatus":"F","resultCode":"501","resultMsg":"System Error"}}}
[2023-07-17T08:39:56.649Z] [PAYTM] INFO [NODE-SDK:1.0.0:02d2b062-cefd-4a98-ad63-e6be1fe42c43] <Request>: Response Data Object: {"head":{"responseTimestamp":"1689583198933","version":"v1"},"body":{"resultInfo":{"resultStatus":"F","resultMsg":"System Error","resultCode":"501"},"extraParamsMap":null}}
[2023-07-17T08:39:56.650Z] [PAYTM] INFO [NODE-SDK:1.0.0:02d2b062-cefd-4a98-ad63-e6be1fe42c43] <Request>: Execution completed with raw json response: {"head":{"requestId":null,"responseTimestamp":"1689583198933","version":"v1"},"body":{"extraParamsMap":null,"resultInfo":{"resultStatus":"F","resultCode":"501","resultMsg":"System Error"}}}
[2023-07-17T08:40:34.593Z] [PAYTM] INFO [NODE-SDK1.0.0] <MerchantProperties>: initialize called
[2023-07-17T08:40:34.594Z] [PAYTM] INFO [NODE-SDK1.0.0] <MerchantProperties>: Setting Environment for STAGE
[2023-07-17T08:40:34.595Z] [PAYTM] INFO [NODE-SDK:1.0.0:1bb59253-aa96-490c-9a33-56a287f3ce85] <Payment>: In createTxnToken PaymentDetail: {"channelId":"WEB","orderId":"UNIQUE_ORDER_ID","txnAmount":{"currency":"INR","value":"1.00"},"userInfo":{"custId":"CUSTOMER_ID","address":"CUSTOMER_ADDRESS","email":"CUSTOMER_EMAIL_ID","firstName":"CUSTOMER_FIRST_NAME","lastName":"CUSTOMER_LAST_NAME","mobile":"CUSTOMER_MOBILE_NO","pincode":"CUSTOMER_PINCODE"},"readTimeout":80000}
[2023-07-17T08:40:34.595Z] [PAYTM] INFO [NODE-SDK:1.0.0:1bb59253-aa96-490c-9a33-56a287f3ce85] <Payment>: validatePaymentDetailsObject for object: {"channelId":"WEB","orderId":"UNIQUE_ORDER_ID","txnAmount":{"currency":"INR","value":"1.00"},"userInfo":{"custId":"CUSTOMER_ID","address":"CUSTOMER_ADDRESS","email":"CUSTOMER_EMAIL_ID","firstName":"CUSTOMER_FIRST_NAME","lastName":"CUSTOMER_LAST_NAME","mobile":"CUSTOMER_MOBILE_NO","pincode":"CUSTOMER_PINCODE"},"readTimeout":80000}
[2023-07-17T08:40:34.595Z] [PAYTM] INFO [NODE-SDK:1.0.0:1bb59253-aa96-490c-9a33-56a287f3ce85] <Payment>:  validatePaymentDetailsObject returns true 
[2023-07-17T08:40:34.596Z] [PAYTM] INFO [NODE-SDK:1.0.0:1bb59253-aa96-490c-9a33-56a287f3ce85] <CommonUtil>: In getSecureRequestHeader
[2023-07-17T08:40:34.596Z] [PAYTM] INFO [NODE-SDK:1.0.0:1bb59253-aa96-490c-9a33-56a287f3ce85] <Payment>: InitiateTransactionRequest object {"head":{"version":"v2","channelId":"WEB","requestTimestamp":"1689583234596","signature":null},"body":{"requestType":"Payment","mid":"yafbcj14338869812612","orderId":"UNIQUE_ORDER_ID","websiteName":"123456","txnAmount":{"currency":"INR","value":"1.00"},"userInfo":{"custId":"CUSTOMER_ID","address":"CUSTOMER_ADDRESS","email":"CUSTOMER_EMAIL_ID","firstName":"CUSTOMER_FIRST_NAME","lastName":"CUSTOMER_LAST_NAME","mobile":"CUSTOMER_MOBILE_NO","pincode":"CUSTOMER_PINCODE"},"callbackUrl":"https://pg-staging.paytm.in/MerchantSite/bankResponse"}}
[2023-07-17T08:40:34.597Z] [PAYTM] INFO [NODE-SDK:1.0.0:1bb59253-aa96-490c-9a33-56a287f3ce85] <EncDecUtil>: generateSignature() called
[2023-07-17T08:40:34.597Z] [PAYTM] INFO [NODE-SDK:1.0.0:1bb59253-aa96-490c-9a33-56a287f3ce85] <EncDecUtil>: generateRandomString() called
[2023-07-17T08:40:34.602Z] [PAYTM] INFO [NODE-SDK:1.0.0:1bb59253-aa96-490c-9a33-56a287f3ce85] <EncDecUtil>: generateSalt returns: Ooog
[2023-07-17T08:40:34.602Z] [PAYTM] INFO [NODE-SDK:1.0.0:1bb59253-aa96-490c-9a33-56a287f3ce85] <EncDecUtil>: getChecksumFromString returns: 6gf8GGdMGu1PWDIohjazSJx7vogFWiScQIyD+IPr26WTKc7Zt4nTSCm7hlFlbk1nEolxJ7+I5ZLK8oajBi7Z0cjeIbTQoAG2B7cBIe9ICEs=
[2023-07-17T08:40:34.603Z] [PAYTM] INFO [NODE-SDK:1.0.0:1bb59253-aa96-490c-9a33-56a287f3ce85] <Request>: process for request: {"head":{"version":"v2","channelId":"WEB","requestTimestamp":"1689583234596","signature":"6gf8GGdMGu1PWDIohjazSJx7vogFWiScQIyD+IPr26WTKc7Zt4nTSCm7hlFlbk1nEolxJ7+I5ZLK8oajBi7Z0cjeIbTQoAG2B7cBIe9ICEs="},"body":{"requestType":"Payment","mid":"yafbcj14338869812612","orderId":"UNIQUE_ORDER_ID","websiteName":"123456","txnAmount":{"currency":"INR","value":"1.00"},"userInfo":{"custId":"CUSTOMER_ID","address":"CUSTOMER_ADDRESS","email":"CUSTOMER_EMAIL_ID","firstName":"CUSTOMER_FIRST_NAME","lastName":"CUSTOMER_LAST_NAME","mobile":"CUSTOMER_MOBILE_NO","pincode":"CUSTOMER_PINCODE"},"callbackUrl":"https://pg-staging.paytm.in/MerchantSite/bankResponse"}}
[2023-07-17T08:40:34.603Z] [PAYTM] INFO [NODE-SDK:1.0.0:1bb59253-aa96-490c-9a33-56a287f3ce85] <Request>: executeCurl called 
[2023-07-17T08:40:34.603Z] [PAYTM] INFO [NODE-SDK:1.0.0:1bb59253-aa96-490c-9a33-56a287f3ce85] <Request>: will make API call to: https://securegw-stage.paytm.in/theia/api/v1/initiateTransaction?mid=yafbcj14338869812612&orderId=UNIQUE_ORDER_ID
[2023-07-17T08:40:35.526Z] [PAYTM] INFO [NODE-SDK:1.0.0:1bb59253-aa96-490c-9a33-56a287f3ce85] <Request>: API response received upon successful execution: {"head":{"requestId":null,"responseTimestamp":"1689583237762","version":"v1"},"body":{"extraParamsMap":null,"resultInfo":{"resultStatus":"F","resultCode":"501","resultMsg":"System Error"}}}
[2023-07-17T08:40:35.527Z] [PAYTM] INFO [NODE-SDK:1.0.0:1bb59253-aa96-490c-9a33-56a287f3ce85] <Request>: Raw Response: {"head":{"requestId":null,"responseTimestamp":"1689583237762","version":"v1"},"body":{"extraParamsMap":null,"resultInfo":{"resultStatus":"F","resultCode":"501","resultMsg":"System Error"}}}
[2023-07-17T08:40:35.527Z] [PAYTM] INFO [NODE-SDK:1.0.0:1bb59253-aa96-490c-9a33-56a287f3ce85] <Request>: Response Data Object: {"head":{"responseTimestamp":"1689583237762","version":"v1"},"body":{"resultInfo":{"resultStatus":"F","resultMsg":"System Error","resultCode":"501"},"extraParamsMap":null}}
[2023-07-17T08:40:35.528Z] [PAYTM] INFO [NODE-SDK:1.0.0:1bb59253-aa96-490c-9a33-56a287f3ce85] <Request>: Execution completed with raw json response: {"head":{"requestId":null,"responseTimestamp":"1689583237762","version":"v1"},"body":{"extraParamsMap":null,"resultInfo":{"resultStatus":"F","resultCode":"501","resultMsg":"System Error"}}}
[2023-07-17T08:55:49.706Z] [PAYTM] INFO [NODE-SDK:1.0.0:a1f43922-bc7e-4d88-82cd-0f9bf553914b] <Payment>: In createTxnToken PaymentDetail: {"channelId":"WEB","orderId":"UNIQUE_ORDER_ID","txnAmount":{"currency":"INR","value":"1.00"},"userInfo":{"custId":"CUSTOMER_ID","address":"CUSTOMER_ADDRESS","email":"CUSTOMER_EMAIL_ID","firstName":"CUSTOMER_FIRST_NAME","lastName":"CUSTOMER_LAST_NAME","mobile":"CUSTOMER_MOBILE_NO","pincode":"CUSTOMER_PINCODE"},"readTimeout":80000}
[2023-07-17T08:55:49.731Z] [PAYTM] INFO [NODE-SDK:1.0.0:a1f43922-bc7e-4d88-82cd-0f9bf553914b] <Payment>: validatePaymentDetailsObject for object: {"channelId":"WEB","orderId":"UNIQUE_ORDER_ID","txnAmount":{"currency":"INR","value":"1.00"},"userInfo":{"custId":"CUSTOMER_ID","address":"CUSTOMER_ADDRESS","email":"CUSTOMER_EMAIL_ID","firstName":"CUSTOMER_FIRST_NAME","lastName":"CUSTOMER_LAST_NAME","mobile":"CUSTOMER_MOBILE_NO","pincode":"CUSTOMER_PINCODE"},"readTimeout":80000}
[2023-07-17T08:55:49.733Z] [PAYTM] INFO [NODE-SDK:1.0.0:a1f43922-bc7e-4d88-82cd-0f9bf553914b] <Payment>:  validatePaymentDetailsObject returns true 
[2023-07-17T08:55:49.735Z] [PAYTM] INFO [NODE-SDK:1.0.0:a1f43922-bc7e-4d88-82cd-0f9bf553914b] <CommonUtil>: In getSecureRequestHeader
[2023-07-17T08:55:49.739Z] [PAYTM] INFO [NODE-SDK:1.0.0:a1f43922-bc7e-4d88-82cd-0f9bf553914b] <Payment>: InitiateTransactionRequest object {"head":{"version":"v2","channelId":"WEB","requestTimestamp":"1689584149736","signature":null},"body":{"requestType":"Payment","mid":"yafbcj14338869812612","orderId":"UNIQUE_ORDER_ID","websiteName":"123456","txnAmount":{"currency":"INR","value":"1.00"},"userInfo":{"custId":"CUSTOMER_ID","address":"CUSTOMER_ADDRESS","email":"CUSTOMER_EMAIL_ID","firstName":"CUSTOMER_FIRST_NAME","lastName":"CUSTOMER_LAST_NAME","mobile":"CUSTOMER_MOBILE_NO","pincode":"CUSTOMER_PINCODE"},"callbackUrl":"https://pg-staging.paytm.in/MerchantSite/bankResponse"}}
[2023-07-17T08:55:49.748Z] [PAYTM] INFO [NODE-SDK:1.0.0:a1f43922-bc7e-4d88-82cd-0f9bf553914b] <EncDecUtil>: generateSignature() called
[2023-07-17T08:55:49.749Z] [PAYTM] INFO [NODE-SDK:1.0.0:a1f43922-bc7e-4d88-82cd-0f9bf553914b] <EncDecUtil>: generateRandomString() called
[2023-07-17T08:55:49.764Z] [PAYTM] INFO [NODE-SDK:1.0.0:a1f43922-bc7e-4d88-82cd-0f9bf553914b] <EncDecUtil>: generateSalt returns: RsCO
[2023-07-17T08:55:49.851Z] [PAYTM] INFO [NODE-SDK:1.0.0:a1f43922-bc7e-4d88-82cd-0f9bf553914b] <EncDecUtil>: getChecksumFromString returns: 7ZYqVbAfhbfMYeww/wI75R3OzK7cXu4p4oLsS+TMnBIQfLAKHyJThKGjOj4Iaiya1EpotGFpElZO4eVEGizLVrRkVOLKKrQdgF4UREpvBJk=
[2023-07-17T08:55:49.852Z] [PAYTM] INFO [NODE-SDK:1.0.0:a1f43922-bc7e-4d88-82cd-0f9bf553914b] <Request>: process for request: {"head":{"version":"v2","channelId":"WEB","requestTimestamp":"1689584149736","signature":"7ZYqVbAfhbfMYeww/wI75R3OzK7cXu4p4oLsS+TMnBIQfLAKHyJThKGjOj4Iaiya1EpotGFpElZO4eVEGizLVrRkVOLKKrQdgF4UREpvBJk="},"body":{"requestType":"Payment","mid":"yafbcj14338869812612","orderId":"UNIQUE_ORDER_ID","websiteName":"123456","txnAmount":{"currency":"INR","value":"1.00"},"userInfo":{"custId":"CUSTOMER_ID","address":"CUSTOMER_ADDRESS","email":"CUSTOMER_EMAIL_ID","firstName":"CUSTOMER_FIRST_NAME","lastName":"CUSTOMER_LAST_NAME","mobile":"CUSTOMER_MOBILE_NO","pincode":"CUSTOMER_PINCODE"},"callbackUrl":"https://pg-staging.paytm.in/MerchantSite/bankResponse"}}
[2023-07-17T08:55:49.852Z] [PAYTM] INFO [NODE-SDK:1.0.0:a1f43922-bc7e-4d88-82cd-0f9bf553914b] <Request>: executeCurl called 
[2023-07-17T08:55:49.854Z] [PAYTM] INFO [NODE-SDK:1.0.0:a1f43922-bc7e-4d88-82cd-0f9bf553914b] <Request>: will make API call to: https://securegw-stage.paytm.in/theia/api/v1/initiateTransaction?mid=yafbcj14338869812612&orderId=UNIQUE_ORDER_ID
[2023-07-17T08:55:51.206Z] [PAYTM] INFO [NODE-SDK:1.0.0:a1f43922-bc7e-4d88-82cd-0f9bf553914b] <Request>: API response received upon successful execution: {"head":{"requestId":null,"responseTimestamp":"1689584153485","version":"v1"},"body":{"extraParamsMap":null,"resultInfo":{"resultStatus":"F","resultCode":"501","resultMsg":"System Error"}}}
[2023-07-17T08:55:51.207Z] [PAYTM] INFO [NODE-SDK:1.0.0:a1f43922-bc7e-4d88-82cd-0f9bf553914b] <Request>: Raw Response: {"head":{"requestId":null,"responseTimestamp":"1689584153485","version":"v1"},"body":{"extraParamsMap":null,"resultInfo":{"resultStatus":"F","resultCode":"501","resultMsg":"System Error"}}}
[2023-07-17T08:55:51.212Z] [PAYTM] INFO [NODE-SDK:1.0.0:a1f43922-bc7e-4d88-82cd-0f9bf553914b] <Request>: Response Data Object: {"head":{"responseTimestamp":"1689584153485","version":"v1"},"body":{"resultInfo":{"resultStatus":"F","resultMsg":"System Error","resultCode":"501"},"extraParamsMap":null}}
[2023-07-17T08:55:51.212Z] [PAYTM] INFO [NODE-SDK:1.0.0:a1f43922-bc7e-4d88-82cd-0f9bf553914b] <Request>: Execution completed with raw json response: {"head":{"requestId":null,"responseTimestamp":"1689584153485","version":"v1"},"body":{"extraParamsMap":null,"resultInfo":{"resultStatus":"F","resultCode":"501","resultMsg":"System Error"}}}
